<?xml version="1.0" encoding="UTF-8"?>
<!-- Generated by org.testng.reporters.JUnitReportReporter -->
<testsuite skipped="0" hostname="Geethika-PC" name="jio.Book_room" tests="1" failures="0" timestamp="05 Jul 2022 14:57:42 GMT" time="62.514" errors="0">
  <testcase name="testing" time="62.514" classname="jio.Book_room"/>
</testsuite> <!-- jio.Book_room -->
